2025-05-19 12:39:21,056 root INFO Preprocess_data. Use files to train: ['./data/raw/1_2025-05-12_21-02.csv', './data/raw/1_2025-05-12_19-27.csv']
2025-05-19 12:39:21,129 root INFO Preprocess_data. train_df: 966 samples
2025-05-19 12:39:21,134 root INFO 
           total_meters     price
url_id                           
265206637          42.0   6400000
271834824          42.1  21000000
275020074          35.0   8100000
275040150          38.4   5800000
275050401          44.5  49400000
2025-05-19 12:39:21,134 root INFO Preprocess_data. test_df: 242 samples
2025-05-19 12:39:21,136 root INFO 
           total_meters     price
url_id                           
316823593          47.0  18000000
316824526          39.0   8500000
316825029          33.0   6999999
316826562          38.8  11500000
316828251          30.0  13300000
2025-05-19 12:39:23,276 root INFO Train model. Total meters coef: 828253.46
2025-05-19 12:39:23,276 root INFO Train model. Bias: -17188716.26
2025-05-19 12:39:23,283 root INFO Test model. MSE: 35831791124989.47
2025-05-19 12:39:23,283 root INFO Test model. RMSE: 5985966.18
2025-05-19 12:39:23,283 root INFO Test model. R2 train: 0.39
2025-05-19 12:39:23,283 root INFO Test model. R2 test: 0.11
